<?xml version="1.0" encoding="UTF-8"?>
<robot generator="Robot 4.0.3 (Python 3.9.6 on win32)" generated="20230825 21:31:04.914" rpa="false" schemaversion="2">
<suite id="s1" name="Rj Add Transaction" source="C:\Users\Kraisorn\Documents\RobotRubjaiDemo\test_cases\rj_add_transaction.robot">
<test id="s1-t1" name="TC_ADTS_001 Customer can add a new transaction successfully when input all required fields">
<kw name="Go to RJ web" library="rj_add_transaction_keywords">
<kw name="Open Browser" library="SeleniumLibrary">
<arg>${WEB_RJ}</arg>
<arg>${CHROME_BROWSER}</arg>
<doc>Opens a new browser instance to the optional ``url``.</doc>
<msg timestamp="20230825 21:31:05.156" level="INFO">Opening browser 'Chrome' to base url 'file:///C:/Users/Kraisorn/Documents/rubjai-demo-web/index.html'.</msg>
<status status="PASS" starttime="20230825 21:31:05.155" endtime="20230825 21:31:06.554"/>
</kw>
<kw name="Maximize Browser Window" library="SeleniumLibrary">
<doc>Maximizes current browser window.</doc>
<status status="PASS" starttime="20230825 21:31:06.554" endtime="20230825 21:31:06.672"/>
</kw>
<status status="PASS" starttime="20230825 21:31:05.155" endtime="20230825 21:31:06.672"/>
</kw>
<kw name="Click Add button" library="rj_add_transaction_keywords">
<kw name="Click Element" library="SeleniumLibrary">
<arg>${btn_add_transaction}</arg>
<doc>Click the element identified by ``locator``.</doc>
<msg timestamp="20230825 21:31:06.674" level="INFO">Clicking element 'xpath=(//button[@id="btn_add"])'.</msg>
<status status="PASS" starttime="20230825 21:31:06.673" endtime="20230825 21:31:06.765"/>
</kw>
<status status="PASS" starttime="20230825 21:31:06.673" endtime="20230825 21:31:06.765"/>
</kw>
<doc>Customer can add a new transaction successfully when input all required fields</doc>
<tag>TC_ADTS</tag>
<tag>TC_ADTS_001</tag>
<status status="PASS" starttime="20230825 21:31:05.154" endtime="20230825 21:31:06.766"/>
</test>
<status status="PASS" starttime="20230825 21:31:04.916" endtime="20230825 21:31:06.767"/>
</suite>
<statistics>
<total>
<stat pass="1" fail="0" skip="0">All Tests</stat>
</total>
<tag>
<stat pass="1" fail="0" skip="0">TC_ADTS</stat>
<stat pass="1" fail="0" skip="0">TC_ADTS_001</stat>
</tag>
<suite>
<stat pass="1" fail="0" skip="0" id="s1" name="Rj Add Transaction">Rj Add Transaction</stat>
</suite>
</statistics>
<errors>
<msg timestamp="20230825 21:31:05.142" level="ERROR">Error in file 'C:\Users\Kraisorn\Documents\RobotRubjaiDemo\config\config.robot' on line 12: Resource file 'keywords\rj_add_transaction_keywords.robot' does not exist.</msg>
<msg timestamp="20230825 21:31:05.144" level="ERROR">Error in file 'C:\Users\Kraisorn\Documents\RobotRubjaiDemo\config\config.robot' on line 13: Resource file 'variables\rj_add_transaction_variables.robot' does not exist.</msg>
</errors>
</robot>
